# Logfile created on 2014-01-02 16:32:59 -0700 by logger.rb/44203
I, [2014-01-02T16:32:59.752522 #4326]  INFO -- : 0:  blankslate (2.1.2.4) from /Users/michaelcramm/.rvm/gems/ruby-1.9.3-p125/specifications/blankslate-2.1.2.4.gemspec
I, [2014-01-02T16:33:00.699218 #4326]  INFO -- : 0:  chunky_png (1.2.9) from /Users/michaelcramm/.rvm/gems/ruby-1.9.3-p125/specifications/chunky_png-1.2.9.gemspec
I, [2014-01-02T16:33:04.188395 #4326]  INFO -- : 0:  fast-stemmer (1.0.2) from /Users/michaelcramm/.rvm/gems/ruby-1.9.3-p125/specifications/fast-stemmer-1.0.2.gemspec
I, [2014-01-02T16:33:04.492012 #4326]  INFO -- : 0:  classifier (1.3.4) from /Users/michaelcramm/.rvm/gems/ruby-1.9.3-p125/specifications/classifier-1.3.4.gemspec
I, [2014-01-02T16:33:04.755313 #4326]  INFO -- : 0:  colorator (0.1) from /Users/michaelcramm/.rvm/gems/ruby-1.9.3-p125/specifications/colorator-0.1.gemspec
I, [2014-01-02T16:33:05.476269 #4326]  INFO -- : 0:  highline (1.6.20) from /Users/michaelcramm/.rvm/gems/ruby-1.9.3-p125/specifications/highline-1.6.20.gemspec
I, [2014-01-02T16:33:05.792773 #4326]  INFO -- : 0:  commander (4.1.5) from /Users/michaelcramm/.rvm/gems/ruby-1.9.3-p125/specifications/commander-4.1.5.gemspec
I, [2014-01-02T16:33:06.477585 #4326]  INFO -- : 0:  fssm (0.2.10) from /Users/michaelcramm/.rvm/gems/ruby-1.9.3-p125/specifications/fssm-0.2.10.gemspec
I, [2014-01-02T16:33:08.357456 #4326]  INFO -- : 0:  sass (3.2.13) from /Users/michaelcramm/.rvm/gems/ruby-1.9.3-p125/specifications/sass-3.2.13.gemspec
I, [2014-01-02T16:33:13.450517 #4326]  INFO -- : 0:  compass (0.12.2) from /Users/michaelcramm/.rvm/gems/ruby-1.9.3-p125/specifications/compass-0.12.2.gemspec
I, [2014-01-02T16:33:20.577110 #4326]  INFO -- : 0:  ffi (1.9.3) from /Users/michaelcramm/.rvm/gems/ruby-1.9.3-p125/specifications/ffi-1.9.3.gemspec
I, [2014-01-02T16:33:21.008828 #4326]  INFO -- : 0:  liquid (2.5.4) from /Users/michaelcramm/.rvm/gems/ruby-1.9.3-p125/specifications/liquid-2.5.4.gemspec
I, [2014-01-02T16:33:22.200735 #4326]  INFO -- : 0:  rb-fsevent (0.9.4) from /Users/michaelcramm/.rvm/gems/ruby-1.9.3-p125/specifications/rb-fsevent-0.9.4.gemspec
I, [2014-01-02T16:33:22.550985 #4326]  INFO -- : 0:  rb-inotify (0.9.3) from /Users/michaelcramm/.rvm/gems/ruby-1.9.3-p125/specifications/rb-inotify-0.9.3.gemspec
I, [2014-01-02T16:33:22.897482 #4326]  INFO -- : 0:  rb-kqueue (0.2.0) from /Users/michaelcramm/.rvm/gems/ruby-1.9.3-p125/specifications/rb-kqueue-0.2.0.gemspec
I, [2014-01-02T16:33:23.181071 #4326]  INFO -- : 0:  listen (1.3.1) from /Users/michaelcramm/.rvm/gems/ruby-1.9.3-p125/specifications/listen-1.3.1.gemspec
I, [2014-01-02T16:33:23.823254 #4326]  INFO -- : 0:  maruku (0.7.0) from /Users/michaelcramm/.rvm/gems/ruby-1.9.3-p125/specifications/maruku-0.7.0.gemspec
I, [2014-01-02T16:33:24.475663 #4326]  INFO -- : 0:  posix-spawn (0.3.8) from /Users/michaelcramm/.rvm/gems/ruby-1.9.3-p125/specifications/posix-spawn-0.3.8.gemspec
I, [2014-01-02T16:33:26.418471 #4326]  INFO -- : 0:  yajl-ruby (1.1.0) from /Users/michaelcramm/.rvm/gems/ruby-1.9.3-p125/specifications/yajl-ruby-1.1.0.gemspec
I, [2014-01-02T16:33:29.235249 #4326]  INFO -- : 0:  pygments.rb (0.5.4) from /Users/michaelcramm/.rvm/gems/ruby-1.9.3-p125/specifications/pygments.rb-0.5.4.gemspec
I, [2014-01-02T16:33:31.320882 #4326]  INFO -- : 0:  redcarpet (2.3.0) from /Users/michaelcramm/.rvm/gems/ruby-1.9.3-p125/specifications/redcarpet-2.3.0.gemspec
I, [2014-01-02T16:33:31.616299 #4326]  INFO -- : 0:  safe_yaml (0.9.7) from /Users/michaelcramm/.rvm/gems/ruby-1.9.3-p125/specifications/safe_yaml-0.9.7.gemspec
I, [2014-01-02T16:33:32.515200 #4326]  INFO -- : 0:  parslet (1.5.0) from /Users/michaelcramm/.rvm/gems/ruby-1.9.3-p125/specifications/parslet-1.5.0.gemspec
I, [2014-01-02T16:33:32.826255 #4326]  INFO -- : 0:  toml (0.1.0) from /Users/michaelcramm/.rvm/gems/ruby-1.9.3-p125/specifications/toml-0.1.0.gemspec
I, [2014-01-02T16:33:33.569819 #4326]  INFO -- : 0:  jekyll (1.4.2) from /Users/michaelcramm/.rvm/gems/ruby-1.9.3-p125/specifications/jekyll-1.4.2.gemspec
I, [2014-01-02T16:33:34.243288 #4326]  INFO -- : 0:  rack (1.5.2) from /Users/michaelcramm/.rvm/gems/ruby-1.9.3-p125/specifications/rack-1.5.2.gemspec
I, [2014-01-02T16:33:34.521466 #4326]  INFO -- : 0:  rack-jekyll (0.4.1) from /Users/michaelcramm/.rvm/gems/ruby-1.9.3-p125/specifications/rack-jekyll-0.4.1.gemspec
I, [2014-01-02T16:33:34.521902 #4326]  INFO -- : 0:  bundler (1.5.1) from /Users/michaelcramm/.rvm/gems/ruby-1.9.3-p125/specifications/bundler-1.5.1.gemspec
